TN:
SF:app.js
FN:10,(anonymous_0)
FNF:1
FNH:0
FNDA:0,(anonymous_0)
DA:1,1
DA:2,1
DA:3,1
DA:5,1
DA:6,1
DA:8,1
DA:10,1
DA:11,0
DA:14,1
DA:15,1
DA:17,1
DA:19,1
DA:20,1
DA:22,1
LF:14
LH:13
BRF:0
BRH:0
end_of_record
TN:
SF:controllers\producto.controller.js
FN:4,(anonymous_0)
FN:13,(anonymous_1)
FN:23,(anonymous_2)
FN:34,(anonymous_3)
FN:46,(anonymous_4)
FN:56,(anonymous_5)
FNF:6
FNH:5
FNDA:1,(anonymous_0)
FNDA:1,(anonymous_1)
FNDA:1,(anonymous_2)
FNDA:1,(anonymous_3)
FNDA:1,(anonymous_4)
FNDA:0,(anonymous_5)
DA:1,1
DA:2,1
DA:4,1
DA:5,1
DA:6,1
DA:7,1
DA:9,0
DA:13,1
DA:14,1
DA:15,1
DA:16,1
DA:17,1
DA:19,0
DA:23,1
DA:24,1
DA:25,1
DA:26,1
DA:27,1
DA:28,1
DA:30,0
DA:34,1
DA:35,1
DA:36,1
DA:37,1
DA:38,1
DA:39,1
DA:40,1
DA:42,0
DA:46,1
DA:47,1
DA:48,1
DA:49,1
DA:50,1
DA:52,0
DA:56,1
DA:57,0
DA:58,0
DA:59,0
DA:60,0
DA:62,0
LF:40
LH:30
BRDA:16,0,0,0
BRDA:16,0,1,1
BRDA:26,1,0,0
BRDA:26,1,1,1
BRDA:37,2,0,0
BRDA:37,2,1,1
BRDA:39,3,0,0
BRDA:39,3,1,1
BRDA:49,4,0,0
BRDA:49,4,1,1
BRDA:58,5,0,0
BRDA:58,5,1,0
BRF:12
BRH:5
end_of_record
TN:
SF:middlewares\errorHandler.js
FN:1,(anonymous_0)
FNF:1
FNH:0
FNDA:0,(anonymous_0)
DA:1,1
DA:2,0
DA:3,0
LF:3
LH:1
BRF:0
BRH:0
end_of_record
TN:
SF:middlewares\logger.js
FN:1,(anonymous_0)
FNF:1
FNH:1
FNDA:5,(anonymous_0)
DA:1,1
DA:2,5
DA:3,5
DA:4,5
LF:4
LH:4
BRF:0
BRH:0
end_of_record
TN:
SF:middlewares\validacionesProducto.js
FNF:0
FNH:0
DA:1,1
DA:3,1
DA:11,1
LF:3
LH:3
BRF:0
BRH:0
end_of_record
TN:
SF:middlewares\validarId.js
FN:1,(anonymous_0)
FNF:1
FNH:1
FNDA:3,(anonymous_0)
DA:1,1
DA:2,3
DA:3,0
DA:5,3
LF:4
LH:3
BRDA:2,0,0,0
BRDA:2,0,1,3
BRF:2
BRH:1
end_of_record
TN:
SF:routes\producto.routes.js
FNF:0
FNH:0
DA:1,1
DA:2,1
DA:3,1
DA:7,1
DA:8,1
DA:10,1
DA:11,1
DA:12,1
DA:13,1
DA:14,1
DA:16,1
DA:19,1
LF:12
LH:12
BRF:0
BRH:0
end_of_record
TN:
SF:services\producto.service.js
FN:8,(anonymous_0)
FN:13,(anonymous_1)
FN:17,(anonymous_2)
FN:21,(anonymous_3)
FN:23,(anonymous_4)
FN:26,(anonymous_5)
FN:39,(anonymous_6)
FN:41,(anonymous_7)
FN:48,(anonymous_8)
FN:50,(anonymous_9)
FN:57,(anonymous_10)
FN:59,(anonymous_11)
FNF:12
FNH:10
FNDA:5,(anonymous_0)
FNDA:3,(anonymous_1)
FNDA:1,(anonymous_2)
FNDA:1,(anonymous_3)
FNDA:1,(anonymous_4)
FNDA:1,(anonymous_5)
FNDA:1,(anonymous_6)
FNDA:1,(anonymous_7)
FNDA:1,(anonymous_8)
FNDA:1,(anonymous_9)
FNDA:0,(anonymous_10)
FNDA:0,(anonymous_11)
DA:3,1
DA:4,1
DA:6,1
DA:8,1
DA:9,5
DA:10,5
DA:13,1
DA:14,3
DA:17,1
DA:18,1
DA:21,1
DA:22,1
DA:23,1
DA:26,1
DA:27,1
DA:28,1
DA:34,1
DA:35,1
DA:36,1
DA:39,1
DA:40,1
DA:41,1
DA:42,1
DA:43,1
DA:44,1
DA:45,1
DA:48,1
DA:49,1
DA:50,1
DA:51,1
DA:52,1
DA:53,1
DA:54,1
DA:57,1
DA:58,0
DA:59,0
LF:36
LH:34
BRDA:29,0,0,0
BRDA:29,0,1,1
BRDA:42,1,0,0
BRDA:42,1,1,1
BRDA:51,2,0,0
BRDA:51,2,1,1
BRDA:57,3,0,0
BRF:7
BRH:3
end_of_record
